<?xml version="1.0" encoding="UTF-8"?>
<!-- Generated by org.testng.reporters.JUnitXMLReporter -->
<testsuite hostname="LAPTOP-CTRLAISOFTWARE" ignored="0" name="Default test" tests="7" failures="0" timestamp="2022-09-19T09:13:56 IST" time="9.905" errors="0">
  <testcase name="Login" time="1.712" classname="pkg_mavenTestNg.SaucelabsAutomationTestNGTest"/>
  <testcase name="personal_address" time="0.259" classname="pkg_mavenTestNg.SaucelabsAutomationTestNGTest"/>
  <testcase name="genderDetails" time="0.124" classname="pkg_mavenTestNg.SaucelabsAutomationTestNGTest"/>
  <testcase name="select_city" time="0.214" classname="pkg_mavenTestNg.SaucelabsAutomationTestNGTest"/>
  <testcase name="select_course" time="0.18" classname="pkg_mavenTestNg.SaucelabsAutomationTestNGTest"/>
  <testcase name="select_district" time="0.19" classname="pkg_mavenTestNg.SaucelabsAutomationTestNGTest"/>
  <testcase name="Addressdetails" time="1.036" classname="pkg_mavenTestNg.SaucelabsAutomationTestNGTest"/>
</testsuite> <!-- Default test -->
