<?xml version="1.0" encoding="UTF-8"?>
<!-- Generated by org.testng.reporters.JUnitXMLReporter -->
<testsuite hostname="LAPTOP-CTRLAISOFTWARE" ignored="0" name="Test" tests="14" failures="0" timestamp="2022-09-19T11:09:42 IST" time="17.679" errors="0">
  <testcase name="Login" time="2.247" classname="pkg_mavenTestNg.SaucelabsAutomationTestNGTest"/>
  <testcase name="personal_address" time="0.304" classname="pkg_mavenTestNg.SaucelabsAutomationTestNGTest"/>
  <testcase name="genderDetails" time="0.126" classname="pkg_mavenTestNg.SaucelabsAutomationTestNGTest"/>
  <testcase name="select_city" time="0.257" classname="pkg_mavenTestNg.SaucelabsAutomationTestNGTest"/>
  <testcase name="select_course" time="0.208" classname="pkg_mavenTestNg.SaucelabsAutomationTestNGTest"/>
  <testcase name="select_district" time="0.197" classname="pkg_mavenTestNg.SaucelabsAutomationTestNGTest"/>
  <testcase name="Addressdetails" time="1.245" classname="pkg_mavenTestNg.SaucelabsAutomationTestNGTest"/>
  <testcase name="Login" time="1.944" classname="pkg_mavenTestNg.sampleRegistration"/>
  <testcase name="personal_address" time="0.276" classname="pkg_mavenTestNg.sampleRegistration"/>
  <testcase name="genderDetails" time="0.131" classname="pkg_mavenTestNg.sampleRegistration"/>
  <testcase name="select_city" time="0.229" classname="pkg_mavenTestNg.sampleRegistration"/>
  <testcase name="select_course" time="0.203" classname="pkg_mavenTestNg.sampleRegistration"/>
  <testcase name="select_district" time="0.203" classname="pkg_mavenTestNg.sampleRegistration"/>
  <testcase name="Addressdetails" time="1.133" classname="pkg_mavenTestNg.sampleRegistration"/>
</testsuite> <!-- Test -->
