<?xml version="1.0" encoding="UTF-8"?>
<!-- Generated by org.testng.reporters.JUnitXMLReporter -->
<testsuite hostname="LAPTOP-CTRLAISOFTWARE" ignored="0" name="Test" tests="14" failures="0" timestamp="2022-09-19T09:19:12 IST" time="10.457" errors="0">
  <testcase name="Login" time="0.985" classname="pkg_mavenTestNg.SaucelabsAutomationTestNGTest"/>
  <testcase name="personal_address" time="0.184" classname="pkg_mavenTestNg.SaucelabsAutomationTestNGTest"/>
  <testcase name="genderDetails" time="0.085" classname="pkg_mavenTestNg.SaucelabsAutomationTestNGTest"/>
  <testcase name="select_city" time="0.143" classname="pkg_mavenTestNg.SaucelabsAutomationTestNGTest"/>
  <testcase name="select_course" time="0.122" classname="pkg_mavenTestNg.SaucelabsAutomationTestNGTest"/>
  <testcase name="select_district" time="0.129" classname="pkg_mavenTestNg.SaucelabsAutomationTestNGTest"/>
  <testcase name="Addressdetails" time="0.634" classname="pkg_mavenTestNg.SaucelabsAutomationTestNGTest"/>
  <testcase name="Login" time="1.013" classname="pkg_mavenTestNg.sampleRegistration"/>
  <testcase name="personal_address" time="0.19" classname="pkg_mavenTestNg.sampleRegistration"/>
  <testcase name="genderDetails" time="0.086" classname="pkg_mavenTestNg.sampleRegistration"/>
  <testcase name="select_city" time="0.128" classname="pkg_mavenTestNg.sampleRegistration"/>
  <testcase name="select_course" time="0.124" classname="pkg_mavenTestNg.sampleRegistration"/>
  <testcase name="select_district" time="0.126" classname="pkg_mavenTestNg.sampleRegistration"/>
  <testcase name="Addressdetails" time="0.832" classname="pkg_mavenTestNg.sampleRegistration"/>
</testsuite> <!-- Test -->
