<?xml version="1.0" encoding="UTF-8"?>
<testng-results skipped="0" failed="0" ignored="0" total="14" passed="14">
  <reporter-output>
  </reporter-output>
  <suite name="Suite" duration-ms="17679" started-at="2022-09-19T11:09:24 IST" finished-at="2022-09-19T11:09:42 IST">
    <groups>
    </groups>
    <test name="Test" duration-ms="17679" started-at="2022-09-19T11:09:24 IST" finished-at="2022-09-19T11:09:42 IST">
      <class name="pkg_mavenTestNg.sampleRegistration">
        <test-method status="PASS" signature="setUp()[pri:0, instance:pkg_mavenTestNg.sampleRegistration@1786dec2]" name="setUp" is-config="true" duration-ms="1829" started-at="2022-09-19T11:09:35 IST" finished-at="2022-09-19T11:09:37 IST">
          <reporter-output>
          </reporter-output>
        </test-method> <!-- setUp -->
        <test-method status="PASS" signature="Login()[pri:0, instance:pkg_mavenTestNg.sampleRegistration@1786dec2]" name="Login" duration-ms="1944" started-at="2022-09-19T11:09:37 IST" finished-at="2022-09-19T11:09:39 IST">
          <reporter-output>
          </reporter-output>
        </test-method> <!-- Login -->
        <test-method status="PASS" signature="personal_address()[pri:1, instance:pkg_mavenTestNg.sampleRegistration@1786dec2]" name="personal_address" duration-ms="276" started-at="2022-09-19T11:09:39 IST" finished-at="2022-09-19T11:09:39 IST">
          <reporter-output>
          </reporter-output>
        </test-method> <!-- personal_address -->
        <test-method status="PASS" signature="genderDetails()[pri:2, instance:pkg_mavenTestNg.sampleRegistration@1786dec2]" name="genderDetails" duration-ms="131" started-at="2022-09-19T11:09:39 IST" finished-at="2022-09-19T11:09:39 IST">
          <reporter-output>
          </reporter-output>
        </test-method> <!-- genderDetails -->
        <test-method status="PASS" signature="select_city()[pri:3, instance:pkg_mavenTestNg.sampleRegistration@1786dec2]" name="select_city" duration-ms="229" started-at="2022-09-19T11:09:39 IST" finished-at="2022-09-19T11:09:39 IST">
          <reporter-output>
          </reporter-output>
        </test-method> <!-- select_city -->
        <test-method status="PASS" signature="select_course()[pri:4, instance:pkg_mavenTestNg.sampleRegistration@1786dec2]" name="select_course" duration-ms="203" started-at="2022-09-19T11:09:39 IST" finished-at="2022-09-19T11:09:40 IST">
          <reporter-output>
          </reporter-output>
        </test-method> <!-- select_course -->
        <test-method status="PASS" signature="select_district()[pri:5, instance:pkg_mavenTestNg.sampleRegistration@1786dec2]" name="select_district" duration-ms="203" started-at="2022-09-19T11:09:40 IST" finished-at="2022-09-19T11:09:40 IST">
          <reporter-output>
          </reporter-output>
        </test-method> <!-- select_district -->
        <test-method status="PASS" signature="Addressdetails()[pri:6, instance:pkg_mavenTestNg.sampleRegistration@1786dec2]" name="Addressdetails" duration-ms="1133" started-at="2022-09-19T11:09:40 IST" finished-at="2022-09-19T11:09:41 IST">
          <reporter-output>
          </reporter-output>
        </test-method> <!-- Addressdetails -->
        <test-method status="PASS" signature="tearDown()[pri:0, instance:pkg_mavenTestNg.sampleRegistration@1786dec2]" name="tearDown" is-config="true" duration-ms="878" started-at="2022-09-19T11:09:41 IST" finished-at="2022-09-19T11:09:42 IST">
          <reporter-output>
          </reporter-output>
        </test-method> <!-- tearDown -->
      </class> <!-- pkg_mavenTestNg.sampleRegistration -->
      <class name="pkg_mavenTestNg.SaucelabsAutomationTestNGTest">
        <test-method status="PASS" signature="setUp()[pri:0, instance:pkg_mavenTestNg.SaucelabsAutomationTestNGTest@3b088d51]" name="setUp" is-config="true" duration-ms="5107" started-at="2022-09-19T11:09:24 IST" finished-at="2022-09-19T11:09:29 IST">
          <reporter-output>
          </reporter-output>
        </test-method> <!-- setUp -->
        <test-method status="PASS" signature="Login()[pri:0, instance:pkg_mavenTestNg.SaucelabsAutomationTestNGTest@3b088d51]" name="Login" duration-ms="2247" started-at="2022-09-19T11:09:29 IST" finished-at="2022-09-19T11:09:32 IST">
          <reporter-output>
          </reporter-output>
        </test-method> <!-- Login -->
        <test-method status="PASS" signature="personal_address()[pri:1, instance:pkg_mavenTestNg.SaucelabsAutomationTestNGTest@3b088d51]" name="personal_address" duration-ms="304" started-at="2022-09-19T11:09:32 IST" finished-at="2022-09-19T11:09:32 IST">
          <reporter-output>
          </reporter-output>
        </test-method> <!-- personal_address -->
        <test-method status="PASS" signature="genderDetails()[pri:2, instance:pkg_mavenTestNg.SaucelabsAutomationTestNGTest@3b088d51]" name="genderDetails" duration-ms="126" started-at="2022-09-19T11:09:32 IST" finished-at="2022-09-19T11:09:32 IST">
          <reporter-output>
          </reporter-output>
        </test-method> <!-- genderDetails -->
        <test-method status="PASS" signature="select_city()[pri:3, instance:pkg_mavenTestNg.SaucelabsAutomationTestNGTest@3b088d51]" name="select_city" duration-ms="257" started-at="2022-09-19T11:09:32 IST" finished-at="2022-09-19T11:09:32 IST">
          <reporter-output>
          </reporter-output>
        </test-method> <!-- select_city -->
        <test-method status="PASS" signature="select_course()[pri:4, instance:pkg_mavenTestNg.SaucelabsAutomationTestNGTest@3b088d51]" name="select_course" duration-ms="208" started-at="2022-09-19T11:09:32 IST" finished-at="2022-09-19T11:09:33 IST">
          <reporter-output>
          </reporter-output>
        </test-method> <!-- select_course -->
        <test-method status="PASS" signature="select_district()[pri:5, instance:pkg_mavenTestNg.SaucelabsAutomationTestNGTest@3b088d51]" name="select_district" duration-ms="197" started-at="2022-09-19T11:09:33 IST" finished-at="2022-09-19T11:09:33 IST">
          <reporter-output>
          </reporter-output>
        </test-method> <!-- select_district -->
        <test-method status="PASS" signature="Addressdetails()[pri:6, instance:pkg_mavenTestNg.SaucelabsAutomationTestNGTest@3b088d51]" name="Addressdetails" duration-ms="1245" started-at="2022-09-19T11:09:33 IST" finished-at="2022-09-19T11:09:34 IST">
          <reporter-output>
          </reporter-output>
        </test-method> <!-- Addressdetails -->
        <test-method status="PASS" signature="tearDown()[pri:0, instance:pkg_mavenTestNg.SaucelabsAutomationTestNGTest@3b088d51]" name="tearDown" is-config="true" duration-ms="1014" started-at="2022-09-19T11:09:34 IST" finished-at="2022-09-19T11:09:35 IST">
          <reporter-output>
          </reporter-output>
        </test-method> <!-- tearDown -->
      </class> <!-- pkg_mavenTestNg.SaucelabsAutomationTestNGTest -->
    </test> <!-- Test -->
  </suite> <!-- Suite -->
</testng-results>
